2019-08-20 13:09:26 - PHP Notice:  Undefined variable: text_information in D:\OpenServer\OSPanel\domains\opencart.loc\catalog\view\theme\apple\template\common\header.tpl on line 83
2019-08-20 13:09:26 - PHP Notice:  Undefined variable: informations in D:\OpenServer\OSPanel\domains\opencart.loc\catalog\view\theme\apple\template\common\header.tpl on line 88
2019-08-20 13:10:59 - PHP Notice:  Undefined variable: text_information in D:\OpenServer\OSPanel\domains\opencart.loc\catalog\view\theme\apple\template\common\header.tpl on line 83
2019-08-20 13:10:59 - PHP Notice:  Undefined variable: informations in D:\OpenServer\OSPanel\domains\opencart.loc\catalog\view\theme\apple\template\common\header.tpl on line 88
2019-08-20 13:11:38 - PHP Notice:  Undefined variable: text_information in D:\OpenServer\OSPanel\domains\opencart.loc\catalog\view\theme\apple\template\common\header.tpl on line 83
2019-08-20 13:11:38 - PHP Notice:  Undefined variable: informations in D:\OpenServer\OSPanel\domains\opencart.loc\catalog\view\theme\apple\template\common\header.tpl on line 88
2019-08-20 13:11:43 - PHP Notice:  Undefined variable: text_information in D:\OpenServer\OSPanel\domains\opencart.loc\catalog\view\theme\apple\template\common\header.tpl on line 83
2019-08-20 13:11:43 - PHP Notice:  Undefined variable: informations in D:\OpenServer\OSPanel\domains\opencart.loc\catalog\view\theme\apple\template\common\header.tpl on line 88
2019-08-20 13:13:49 - PHP Notice:  Undefined variable: text_information in D:\OpenServer\OSPanel\domains\opencart.loc\catalog\view\theme\apple\template\common\header.tpl on line 83
2019-08-20 13:13:49 - PHP Notice:  Undefined variable: informations in D:\OpenServer\OSPanel\domains\opencart.loc\catalog\view\theme\apple\template\common\header.tpl on line 88
2019-08-20 18:41:42 - PHP Notice:  Undefined variable: text_information in D:\OpenServer\OSPanel\domains\opencart.loc\catalog\view\theme\apple\template\common\header.tpl on line 83
2019-08-20 18:43:02 - PHP Notice:  Undefined variable: text_information in D:\OpenServer\OSPanel\domains\opencart.loc\catalog\view\theme\apple\template\common\header.tpl on line 83
2019-08-20 18:57:21 - PHP Notice:  Undefined variable: text_information in D:\OpenServer\OSPanel\domains\opencart.loc\catalog\view\theme\apple\template\common\header.tpl on line 83
2019-08-20 18:59:02 - PHP Notice:  Undefined variable: text_information in D:\OpenServer\OSPanel\domains\opencart.loc\catalog\view\theme\apple\template\common\header.tpl on line 83
2019-08-20 19:00:19 - PHP Notice:  Undefined variable: text_information in D:\OpenServer\OSPanel\domains\opencart.loc\catalog\view\theme\apple\template\common\header.tpl on line 83
2019-08-20 19:05:35 - PHP Notice:  Undefined variable: text_information in D:\OpenServer\OSPanel\domains\opencart.loc\catalog\view\theme\apple\template\common\header.tpl on line 83
2019-08-20 19:05:35 - PHP Notice:  Undefined variable: informations in D:\OpenServer\OSPanel\domains\opencart.loc\catalog\view\theme\apple\template\common\header.tpl on line 87
2019-08-20 19:06:06 - PHP Notice:  Undefined variable: text_information in D:\OpenServer\OSPanel\domains\opencart.loc\catalog\view\theme\apple\template\common\header.tpl on line 83
2019-08-20 19:06:06 - PHP Notice:  Undefined variable: informations in D:\OpenServer\OSPanel\domains\opencart.loc\catalog\view\theme\apple\template\common\header.tpl on line 87
2019-08-20 19:47:10 - PHP Notice:  Undefined variable: text_information in D:\OpenServer\OSPanel\domains\opencart.loc\catalog\view\theme\apple\template\common\header.tpl on line 83
2019-08-20 19:47:10 - PHP Notice:  Undefined variable: informations in D:\OpenServer\OSPanel\domains\opencart.loc\catalog\view\theme\apple\template\common\header.tpl on line 87
2019-08-29 21:37:17 - PHP Notice:  Undefined index: text_warranty in D:\OpenServer\OSPanel\domains\opencart.loc\admin\controller\extension\module\vantage.php on line 176
2019-08-29 21:37:17 - PHP Notice:  Undefined index: text_warranty in D:\OpenServer\OSPanel\domains\opencart.loc\admin\controller\extension\module\vantage.php on line 184
2019-08-29 21:37:17 - PHP Notice:  Undefined index: icon_warranty in D:\OpenServer\OSPanel\domains\opencart.loc\admin\controller\extension\module\vantage.php on line 192
2019-08-29 21:37:17 - PHP Notice:  Undefined index: text-service in D:\OpenServer\OSPanel\domains\opencart.loc\admin\controller\extension\module\vantage.php on line 200
2019-08-29 21:37:17 - PHP Notice:  Undefined index: icon_service in D:\OpenServer\OSPanel\domains\opencart.loc\admin\controller\extension\module\vantage.php on line 208
2019-08-29 21:37:17 - PHP Notice:  Undefined index: text_price in D:\OpenServer\OSPanel\domains\opencart.loc\admin\controller\extension\module\vantage.php on line 216
2019-08-29 21:37:17 - PHP Notice:  Undefined index: icon_price in D:\OpenServer\OSPanel\domains\opencart.loc\admin\controller\extension\module\vantage.php on line 224
2019-08-29 21:37:17 - PHP Notice:  Undefined index: text_delivery in D:\OpenServer\OSPanel\domains\opencart.loc\admin\controller\extension\module\vantage.php on line 232
2019-08-29 21:37:17 - PHP Notice:  Undefined index: icon_delivery in D:\OpenServer\OSPanel\domains\opencart.loc\admin\controller\extension\module\vantage.php on line 240
2019-08-29 21:37:17 - PHP Notice:  Undefined variable: text_service in D:\OpenServer\OSPanel\domains\opencart.loc\admin\view\template\extension\module\vantage.tpl on line 117
2019-08-29 21:37:17 - PHP Notice:  Undefined variable: text_prices in D:\OpenServer\OSPanel\domains\opencart.loc\admin\view\template\extension\module\vantage.tpl on line 141
2019-08-29 21:37:17 - PHP Notice:  Undefined variable: error_text_prices in D:\OpenServer\OSPanel\domains\opencart.loc\admin\view\template\extension\module\vantage.tpl on line 143
2019-08-29 21:37:17 - PHP Notice:  Undefined variable: icon_prices in D:\OpenServer\OSPanel\domains\opencart.loc\admin\view\template\extension\module\vantage.tpl on line 152
2019-08-29 21:37:17 - PHP Notice:  Undefined variable: error_icon_prices in D:\OpenServer\OSPanel\domains\opencart.loc\admin\view\template\extension\module\vantage.tpl on line 154
2019-08-29 21:39:59 - PHP Notice:  Undefined variable: text_service in D:\OpenServer\OSPanel\domains\opencart.loc\admin\view\template\extension\module\vantage.tpl on line 117
2019-08-29 21:39:59 - PHP Notice:  Undefined variable: text_prices in D:\OpenServer\OSPanel\domains\opencart.loc\admin\view\template\extension\module\vantage.tpl on line 141
2019-08-29 21:39:59 - PHP Notice:  Undefined variable: error_text_prices in D:\OpenServer\OSPanel\domains\opencart.loc\admin\view\template\extension\module\vantage.tpl on line 143
2019-08-29 21:39:59 - PHP Notice:  Undefined variable: icon_prices in D:\OpenServer\OSPanel\domains\opencart.loc\admin\view\template\extension\module\vantage.tpl on line 152
2019-08-29 21:39:59 - PHP Notice:  Undefined variable: error_icon_prices in D:\OpenServer\OSPanel\domains\opencart.loc\admin\view\template\extension\module\vantage.tpl on line 154
2019-08-31 9:58:53 - PHP Notice:  Undefined variable: logo in D:\OpenServer\OSPanel\domains\opencart.loc\catalog\view\theme\apple\template\common\footer.tpl on line 55
2019-08-31 10:03:38 - PHP Notice:  Undefined variable: logo in D:\OpenServer\OSPanel\domains\opencart.loc\catalog\view\theme\apple\template\common\footer.tpl on line 55
2019-08-31 10:26:03 - PHP Notice:  Undefined variable: logo in D:\OpenServer\OSPanel\domains\opencart.loc\catalog\view\theme\apple\template\common\footer.tpl on line 55
2019-08-31 10:29:38 - PHP Notice:  Undefined variable: logo in D:\OpenServer\OSPanel\domains\opencart.loc\catalog\view\theme\apple\template\common\footer.tpl on line 55
2019-08-31 10:36:33 - PHP Notice:  Undefined variable: logo in D:\OpenServer\OSPanel\domains\opencart.loc\catalog\view\theme\apple\template\common\footer.tpl on line 55
2019-08-31 10:37:21 - PHP Notice:  Undefined variable: logo in D:\OpenServer\OSPanel\domains\opencart.loc\catalog\view\theme\apple\template\common\footer.tpl on line 55
2019-08-31 10:38:25 - PHP Notice:  Undefined variable: logo in D:\OpenServer\OSPanel\domains\opencart.loc\catalog\view\theme\apple\template\common\footer.tpl on line 55
2019-08-31 10:39:44 - PHP Notice:  Undefined variable: logo in D:\OpenServer\OSPanel\domains\opencart.loc\catalog\view\theme\apple\template\common\footer.tpl on line 55
2019-08-31 10:40:01 - PHP Notice:  Undefined variable: logo in D:\OpenServer\OSPanel\domains\opencart.loc\catalog\view\theme\apple\template\common\footer.tpl on line 55
2019-08-31 10:40:35 - PHP Notice:  Undefined variable: logo in D:\OpenServer\OSPanel\domains\opencart.loc\catalog\view\theme\apple\template\common\footer.tpl on line 55
2019-08-31 10:41:18 - PHP Notice:  Undefined variable: logo in D:\OpenServer\OSPanel\domains\opencart.loc\catalog\view\theme\apple\template\common\footer.tpl on line 55
2019-08-31 10:41:57 - PHP Notice:  Undefined variable: logo in D:\OpenServer\OSPanel\domains\opencart.loc\catalog\view\theme\apple\template\common\footer.tpl on line 55
2019-08-31 10:42:05 - PHP Notice:  Undefined variable: logo in D:\OpenServer\OSPanel\domains\opencart.loc\catalog\view\theme\apple\template\common\footer.tpl on line 55
2019-08-31 10:42:20 - PHP Notice:  Undefined variable: logo in D:\OpenServer\OSPanel\domains\opencart.loc\catalog\view\theme\apple\template\common\footer.tpl on line 55
2019-08-31 10:42:22 - PHP Notice:  Undefined variable: logo in D:\OpenServer\OSPanel\domains\opencart.loc\catalog\view\theme\apple\template\common\footer.tpl on line 55
2019-08-31 10:42:51 - PHP Notice:  Undefined variable: logo in D:\OpenServer\OSPanel\domains\opencart.loc\catalog\view\theme\apple\template\common\footer.tpl on line 55
2019-08-31 10:43:32 - PHP Notice:  Undefined variable: logo in D:\OpenServer\OSPanel\domains\opencart.loc\catalog\view\theme\apple\template\common\footer.tpl on line 55
2019-08-31 10:44:00 - PHP Notice:  Undefined variable: logo in D:\OpenServer\OSPanel\domains\opencart.loc\catalog\view\theme\apple\template\common\footer.tpl on line 55
2019-08-31 10:46:03 - PHP Notice:  Undefined variable: logo in D:\OpenServer\OSPanel\domains\opencart.loc\catalog\view\theme\apple\template\common\footer.tpl on line 55
2019-08-31 10:46:03 - PHP Notice:  Undefined variable: telephone in D:\OpenServer\OSPanel\domains\opencart.loc\catalog\view\theme\apple\template\common\footer.tpl on line 104
2019-08-31 10:46:07 - PHP Notice:  Undefined variable: logo in D:\OpenServer\OSPanel\domains\opencart.loc\catalog\view\theme\apple\template\common\footer.tpl on line 55
2019-08-31 10:46:07 - PHP Notice:  Undefined variable: telephone in D:\OpenServer\OSPanel\domains\opencart.loc\catalog\view\theme\apple\template\common\footer.tpl on line 104
2019-08-31 10:46:54 - PHP Notice:  Undefined variable: logo in D:\OpenServer\OSPanel\domains\opencart.loc\catalog\view\theme\apple\template\common\footer.tpl on line 55
2019-08-31 10:46:54 - PHP Notice:  Undefined variable: telephone in D:\OpenServer\OSPanel\domains\opencart.loc\catalog\view\theme\apple\template\common\footer.tpl on line 104
2019-08-31 10:47:11 - PHP Notice:  Undefined variable: logo in D:\OpenServer\OSPanel\domains\opencart.loc\catalog\view\theme\apple\template\common\footer.tpl on line 55
2019-08-31 10:47:11 - PHP Notice:  Undefined variable: telephone in D:\OpenServer\OSPanel\domains\opencart.loc\catalog\view\theme\apple\template\common\footer.tpl on line 104
2019-08-31 10:47:13 - PHP Notice:  Undefined variable: logo in D:\OpenServer\OSPanel\domains\opencart.loc\catalog\view\theme\apple\template\common\footer.tpl on line 55
2019-08-31 10:47:13 - PHP Notice:  Undefined variable: telephone in D:\OpenServer\OSPanel\domains\opencart.loc\catalog\view\theme\apple\template\common\footer.tpl on line 104
2019-08-31 10:48:02 - PHP Notice:  Undefined variable: logo in D:\OpenServer\OSPanel\domains\opencart.loc\catalog\view\theme\apple\template\common\footer.tpl on line 55
2019-08-31 10:48:02 - PHP Notice:  Undefined variable: telephone in D:\OpenServer\OSPanel\domains\opencart.loc\catalog\view\theme\apple\template\common\footer.tpl on line 103
2019-08-31 10:49:26 - PHP Notice:  Undefined variable: logo in D:\OpenServer\OSPanel\domains\opencart.loc\catalog\view\theme\apple\template\common\footer.tpl on line 55
2019-08-31 10:49:26 - PHP Notice:  Undefined variable: telephone in D:\OpenServer\OSPanel\domains\opencart.loc\catalog\view\theme\apple\template\common\footer.tpl on line 103
2019-08-31 10:49:35 - PHP Notice:  Undefined variable: logo in D:\OpenServer\OSPanel\domains\opencart.loc\catalog\view\theme\apple\template\common\footer.tpl on line 55
2019-08-31 10:49:35 - PHP Notice:  Undefined variable: telephone in D:\OpenServer\OSPanel\domains\opencart.loc\catalog\view\theme\apple\template\common\footer.tpl on line 103
